2023-12-16 13:56:31,386 - INFO - Downloading . . .
2023-12-16 13:58:19,018 - INFO - Download complete.
2023-12-16 13:58:19,061 - INFO - CVE-1999-0001 - Skpipped
2023-12-16 13:58:19,062 - INFO - CVE-1999-0002 - Skpipped
2023-12-16 13:58:19,063 - INFO - CVE-1999-0003 - Skpipped
2023-12-16 13:58:19,064 - INFO - CVE-1999-0004 - Skpipped
2023-12-16 13:58:19,064 - INFO - CVE-1999-0005 - Skpipped
2023-12-16 13:58:19,064 - INFO - CVE-1999-0006 - Skpipped
2023-12-16 13:58:19,065 - INFO - CVE-1999-0007 - Skpipped
2023-12-16 13:58:19,065 - INFO - CVE-1999-0008 - Skpipped
2023-12-16 13:58:19,066 - INFO - CVE-1999-0009 - Skpipped
2023-12-16 13:58:19,066 - INFO - CVE-1999-0010 - Skpipped
2023-12-16 13:58:19,067 - INFO - CVE-1999-0011 - Skpipped
2023-12-16 13:58:19,068 - INFO - CVE-1999-0012 - Skpipped
2023-12-16 13:58:19,068 - INFO - CVE-1999-0013 - Skpipped
2023-12-16 13:58:19,069 - INFO - CVE-1999-0014 - Skpipped
2023-12-16 13:58:19,069 - INFO - CVE-1999-0015 - Skpipped
2023-12-16 13:58:19,070 - INFO - CVE-1999-0016 - Skpipped
2023-12-16 13:58:19,070 - INFO - CVE-1999-0017 - Skpipped
2023-12-16 13:58:19,071 - INFO - CVE-1999-0018 - Skpipped
2023-12-16 13:58:19,071 - INFO - CVE-1999-0019 - Skpipped
2023-12-16 13:58:19,072 - INFO - CVE-1999-0020 - Skpipped
2023-12-16 13:58:19,072 - INFO - CVE-1999-0021 - Skpipped
2023-12-16 13:58:19,073 - INFO - CVE-1999-0022 - Skpipped
2023-12-16 13:58:19,074 - INFO - CVE-1999-0023 - Skpipped
2023-12-16 13:58:19,074 - INFO - CVE-1999-0024 - Skpipped
2023-12-16 13:58:19,075 - INFO - CVE-1999-0025 - Skpipped
2023-12-16 13:58:19,075 - INFO - CVE-1999-0026 - Skpipped
2023-12-16 13:58:19,076 - INFO - CVE-1999-0027 - Skpipped
2023-12-16 13:58:19,077 - INFO - CVE-1999-0028 - Skpipped
2023-12-16 13:58:19,077 - INFO - CVE-1999-0029 - Skpipped
2023-12-16 13:58:19,078 - INFO - CVE-1999-0030 - Skpipped
2023-12-16 13:58:19,079 - INFO - CVE-1999-0031 - Skpipped
2023-12-16 13:58:19,080 - INFO - CVE-1999-0032 - Skpipped
2023-12-16 13:58:19,080 - INFO - CVE-1999-0033 - Skpipped
2023-12-16 13:58:19,081 - INFO - CVE-1999-0034 - Skpipped
2023-12-16 13:58:19,081 - INFO - CVE-1999-0035 - Skpipped
2023-12-16 13:58:19,082 - INFO - CVE-1999-0036 - Skpipped
2023-12-16 13:58:19,082 - INFO - CVE-1999-0037 - Skpipped
2023-12-16 13:58:19,083 - INFO - CVE-1999-0038 - Skpipped
2023-12-16 13:58:19,084 - INFO - CVE-1999-0039 - Skpipped
2023-12-16 13:58:19,084 - INFO - CVE-1999-0040 - Skpipped
2023-12-16 13:58:19,085 - INFO - CVE-1999-0041 - Skpipped
2023-12-16 13:58:19,086 - INFO - CVE-1999-0042 - Skpipped
2023-12-16 13:58:19,087 - INFO - CVE-1999-0043 - Skpipped
2023-12-16 13:58:19,089 - INFO - CVE-1999-0044 - Skpipped
2023-12-16 13:58:19,090 - INFO - CVE-1999-0045 - Skpipped
2023-12-16 13:58:19,091 - INFO - CVE-1999-0046 - Skpipped
2023-12-16 13:58:19,098 - INFO - CVE-1999-0047 - Skpipped
2023-12-16 13:58:19,099 - INFO - CVE-1999-0048 - Skpipped
2023-12-16 13:58:19,100 - INFO - CVE-1999-0049 - Skpipped
2023-12-16 13:58:19,100 - INFO - CVE-1999-0050 - Skpipped
2023-12-16 13:58:19,101 - INFO - CVE-1999-0051 - Skpipped
2023-12-16 13:58:19,102 - INFO - CVE-1999-0052 - Skpipped
2023-12-16 13:58:19,103 - INFO - CVE-1999-0053 - Skpipped
2023-12-16 13:58:19,103 - INFO - CVE-1999-0054 - Skpipped
2023-12-16 13:58:19,104 - INFO - CVE-1999-0055 - Skpipped
2023-12-16 13:58:19,105 - INFO - CVE-1999-0056 - Skpipped
2023-12-16 13:58:19,105 - INFO - CVE-1999-0057 - Skpipped
2023-12-16 13:58:19,106 - INFO - CVE-1999-0058 - Skpipped
2023-12-16 13:58:19,106 - INFO - CVE-1999-0059 - Skpipped
2023-12-16 13:58:19,107 - INFO - CVE-1999-0060 - Skpipped
2023-12-16 13:58:19,107 - INFO - CVE-1999-0061 - Skpipped
2023-12-16 13:58:19,108 - INFO - CVE-1999-0062 - Skpipped
2023-12-16 13:58:19,108 - INFO - CVE-1999-0063 - Skpipped
2023-12-16 13:58:19,109 - INFO - CVE-1999-0064 - Skpipped
2023-12-16 13:58:19,109 - INFO - CVE-1999-0065 - Skpipped
2023-12-16 13:58:19,110 - INFO - CVE-1999-0066 - Skpipped
2023-12-16 13:58:19,111 - INFO - CVE-1999-0067 - Skpipped
2023-12-16 13:58:19,112 - INFO - CVE-1999-0068 - Skpipped
2023-12-16 13:58:19,113 - INFO - CVE-1999-0069 - Skpipped
2023-12-16 13:58:19,113 - INFO - CVE-1999-0070 - Skpipped
2023-12-16 13:58:19,114 - INFO - CVE-1999-0071 - Skpipped
2023-12-16 13:58:19,114 - INFO - CVE-1999-0072 - Skpipped
2023-12-16 13:58:19,115 - INFO - CVE-1999-0073 - Skpipped
2023-12-16 13:58:19,115 - INFO - CVE-1999-0074 - Skpipped
2023-12-16 13:58:19,116 - INFO - CVE-1999-0075 - Skpipped
2023-12-16 13:58:19,117 - INFO - CVE-1999-0076 - Skpipped
2023-12-16 13:58:19,117 - INFO - CVE-1999-0077 - Skpipped
2023-12-16 13:58:19,118 - INFO - CVE-1999-0078 - Skpipped
2023-12-16 13:58:19,120 - INFO - CVE-1999-0079 - Skpipped
2023-12-16 13:58:19,120 - INFO - CVE-1999-0080 - Skpipped
2023-12-16 13:58:19,121 - INFO - CVE-1999-0081 - Skpipped
2023-12-16 13:58:19,122 - INFO - CVE-1999-0082 - Skpipped
2023-12-16 13:58:19,123 - INFO - CVE-1999-0083 - Skpipped
2023-12-16 13:58:19,123 - INFO - CVE-1999-0084 - Skpipped
2023-12-16 13:58:19,124 - INFO - CVE-1999-0085 - Skpipped
2023-12-16 13:58:19,124 - INFO - CVE-1999-0086 - Skpipped
2023-12-16 13:58:19,125 - INFO - CVE-1999-0087 - Skpipped
2023-12-16 13:58:19,125 - INFO - CVE-1999-0088 - Skpipped
2023-12-16 13:58:19,126 - INFO - CVE-1999-0089 - Skpipped
2023-12-16 13:58:19,126 - INFO - CVE-1999-0090 - Skpipped
2023-12-16 13:58:19,127 - INFO - CVE-1999-0091 - Skpipped
2023-12-16 13:58:19,127 - INFO - CVE-1999-0092 - Skpipped
2023-12-16 13:58:19,128 - INFO - CVE-1999-0093 - Skpipped
2023-12-16 13:58:19,129 - INFO - CVE-1999-0094 - Skpipped
2023-12-16 13:58:19,129 - INFO - CVE-1999-0095 - Skpipped
2023-12-16 13:58:19,130 - INFO - CVE-1999-0096 - Skpipped
2023-12-16 13:58:19,130 - INFO - CVE-1999-0097 - Skpipped
2023-12-16 13:58:19,130 - INFO - CVE-1999-0098 - Skpipped
2023-12-16 13:58:19,131 - INFO - CVE-1999-0099 - Skpipped
2023-12-16 13:58:19,132 - INFO - CVE-1999-0100 - Skpipped
2023-12-16 13:58:19,132 - INFO - CVE-1999-0101 - Skpipped
2023-12-16 13:58:19,133 - INFO - CVE-1999-0102 - Skpipped
2023-12-16 13:58:19,133 - INFO - CVE-1999-0103 - Skpipped
2023-12-16 13:58:19,134 - INFO - CVE-1999-0104 - Skpipped
2023-12-16 13:58:19,134 - INFO - CVE-1999-0105 - Skpipped
2023-12-16 13:58:19,135 - INFO - CVE-1999-0106 - Skpipped
2023-12-16 13:58:19,135 - INFO - CVE-1999-0107 - Skpipped
2023-12-16 13:58:19,137 - INFO - CVE-1999-0108 - Skpipped
2023-12-16 13:58:19,138 - INFO - CVE-1999-0109 - Skpipped
2023-12-16 13:58:19,139 - INFO - CVE-1999-0110 - Skpipped
2023-12-16 13:58:19,139 - INFO - CVE-1999-0111 - Skpipped
2023-12-16 13:58:19,140 - INFO - CVE-1999-0112 - Skpipped
2023-12-16 13:58:19,140 - INFO - CVE-1999-0113 - Skpipped
2023-12-16 13:58:19,141 - INFO - CVE-1999-0114 - Skpipped
2023-12-16 13:58:19,143 - INFO - CVE-1999-0115 - Skpipped
2023-12-16 13:58:19,145 - INFO - CVE-1999-0116 - Skpipped
2023-12-16 13:58:19,146 - INFO - CVE-1999-0117 - Skpipped
2023-12-16 13:58:19,146 - INFO - CVE-1999-0118 - Skpipped
2023-12-16 13:58:19,147 - INFO - CVE-1999-0119 - Skpipped
2023-12-16 13:58:19,147 - INFO - CVE-1999-0120 - Skpipped
2023-12-16 13:58:19,148 - INFO - CVE-1999-0121 - Skpipped
2023-12-16 13:58:19,149 - INFO - CVE-1999-0122 - Skpipped
2023-12-16 13:58:19,149 - INFO - CVE-1999-0123 - Skpipped
2023-12-16 13:58:19,150 - INFO - CVE-1999-0124 - Skpipped
2023-12-16 13:58:19,150 - INFO - CVE-1999-0125 - Skpipped
2023-12-16 13:58:19,151 - INFO - CVE-1999-0126 - Skpipped
2023-12-16 13:58:19,151 - INFO - CVE-1999-0127 - Skpipped
2023-12-16 13:58:19,152 - INFO - CVE-1999-0128 - Skpipped
2023-12-16 13:58:19,153 - INFO - CVE-1999-0129 - Skpipped
2023-12-16 13:58:19,154 - INFO - CVE-1999-0130 - Skpipped
2023-12-16 13:58:19,155 - INFO - CVE-1999-0131 - Skpipped
2023-12-16 13:58:19,155 - INFO - CVE-1999-0132 - Skpipped
2023-12-16 13:58:19,156 - INFO - CVE-1999-0133 - Skpipped
2023-12-16 13:58:19,156 - INFO - CVE-1999-0134 - Skpipped
2023-12-16 13:58:19,157 - INFO - CVE-1999-0135 - Skpipped
2023-12-16 13:58:19,158 - INFO - CVE-1999-0136 - Skpipped
2023-12-16 13:58:19,158 - INFO - CVE-1999-0137 - Skpipped
2023-12-16 13:58:19,159 - INFO - CVE-1999-0138 - Skpipped
2023-12-16 13:58:19,159 - INFO - CVE-1999-0139 - Skpipped
2023-12-16 13:58:19,160 - INFO - CVE-1999-0140 - Skpipped
2023-12-16 13:58:19,160 - INFO - CVE-1999-0141 - Skpipped
2023-12-16 13:58:19,161 - INFO - CVE-1999-0142 - Skpipped
2023-12-16 13:58:19,162 - INFO - CVE-1999-0143 - Skpipped
2023-12-16 13:58:19,162 - INFO - CVE-1999-0144 - Skpipped
2023-12-16 13:58:19,163 - INFO - CVE-1999-0145 - Skpipped
2023-12-16 13:58:19,163 - INFO - CVE-1999-0146 - Skpipped
2023-12-16 13:58:19,164 - INFO - CVE-1999-0147 - Skpipped
2023-12-16 13:58:19,164 - INFO - CVE-1999-0148 - Skpipped
2023-12-16 13:58:19,166 - INFO - CVE-1999-0149 - Skpipped
2023-12-16 13:58:19,167 - INFO - CVE-1999-0150 - Skpipped
2023-12-16 13:58:19,167 - INFO - CVE-1999-0151 - Skpipped
2023-12-16 13:58:19,168 - INFO - CVE-1999-0152 - Skpipped
2023-12-16 13:58:19,169 - INFO - CVE-1999-0153 - Skpipped
2023-12-16 13:58:19,170 - INFO - CVE-1999-0154 - Skpipped
2023-12-16 13:58:19,170 - INFO - CVE-1999-0155 - Skpipped
2023-12-16 13:58:19,171 - INFO - CVE-1999-0156 - Skpipped
2023-12-16 13:58:19,171 - INFO - CVE-1999-0157 - Skpipped
2023-12-16 13:58:19,172 - INFO - CVE-1999-0158 - Skpipped
2023-12-16 13:58:19,173 - INFO - CVE-1999-0159 - Skpipped
2023-12-16 13:58:19,173 - INFO - CVE-1999-0160 - Skpipped
2023-12-16 13:58:19,174 - INFO - CVE-1999-0161 - Skpipped
2023-12-16 13:58:19,174 - INFO - CVE-1999-0162 - Skpipped
2023-12-16 13:58:19,175 - INFO - CVE-1999-0163 - Skpipped
2023-12-16 13:58:19,176 - INFO - CVE-1999-0164 - Skpipped
2023-12-16 13:58:19,176 - INFO - CVE-1999-0165 - Skpipped
2023-12-16 13:58:19,177 - INFO - CVE-1999-0166 - Skpipped
2023-12-16 13:58:19,177 - INFO - CVE-1999-0167 - Skpipped
2023-12-16 13:58:19,178 - INFO - CVE-1999-0168 - Skpipped
2023-12-16 13:58:19,178 - INFO - CVE-1999-0169 - Skpipped
2023-12-16 13:58:19,179 - INFO - CVE-1999-0170 - Skpipped
2023-12-16 13:58:19,179 - INFO - CVE-1999-0171 - Skpipped
2023-12-16 13:58:19,180 - INFO - CVE-1999-0172 - Skpipped
2023-12-16 13:58:19,180 - INFO - CVE-1999-0173 - Skpipped
2023-12-16 13:58:19,181 - INFO - CVE-1999-0174 - Skpipped
2023-12-16 13:58:19,181 - INFO - CVE-1999-0175 - Skpipped
2023-12-16 13:58:19,182 - INFO - CVE-1999-0176 - Skpipped
2023-12-16 13:58:19,183 - INFO - CVE-1999-0177 - Skpipped
2023-12-16 13:58:19,183 - INFO - CVE-1999-0178 - Skpipped
2023-12-16 13:58:19,183 - INFO - CVE-1999-0179 - Skpipped
2023-12-16 13:58:19,184 - INFO - CVE-1999-0180 - Skpipped
2023-12-16 13:58:19,184 - INFO - CVE-1999-0181 - Skpipped
2023-12-16 13:58:19,185 - INFO - CVE-1999-0182 - Skpipped
2023-12-16 13:58:19,185 - INFO - CVE-1999-0183 - Skpipped
2023-12-16 13:58:19,186 - INFO - CVE-1999-0184 - Skpipped
2023-12-16 13:58:19,187 - INFO - CVE-1999-0185 - Skpipped
2023-12-16 13:58:19,187 - INFO - CVE-1999-0186 - Skpipped
2023-12-16 13:58:19,188 - INFO - CVE-1999-0187 - Skpipped
2023-12-16 13:58:19,189 - INFO - CVE-1999-0188 - Skpipped
2023-12-16 13:58:19,190 - INFO - CVE-1999-0189 - Skpipped
2023-12-16 13:58:19,193 - INFO - CVE-1999-0190 - Skpipped
2023-12-16 13:58:19,195 - INFO - CVE-1999-0191 - Skpipped
2023-12-16 13:58:19,519 - INFO - CVE-1999-0192 -> INSERTED
2023-12-16 13:58:19,803 - INFO - CVE-1999-0193 -> INSERTED
2023-12-16 13:58:20,025 - INFO - CVE-1999-0194 -> INSERTED
2023-12-16 13:58:20,257 - INFO - CVE-1999-0195 -> INSERTED
2023-12-16 13:58:20,457 - INFO - CVE-1999-0196 -> INSERTED
2023-12-16 13:58:20,659 - INFO - CVE-1999-0197 -> INSERTED
2023-12-16 13:58:20,861 - INFO - CVE-1999-0198 -> INSERTED
2023-12-16 13:58:21,143 - INFO - CVE-1999-0199 -> INSERTED
2023-12-16 13:58:21,347 - INFO - CVE-1999-0200 -> INSERTED
2023-12-16 13:58:21,570 - INFO - CVE-1999-0201 -> INSERTED
2023-12-16 13:58:21,787 - INFO - CVE-1999-0202 -> INSERTED
2023-12-16 13:58:22,044 - INFO - CVE-1999-0203 -> INSERTED
2023-12-16 13:58:22,257 - INFO - CVE-1999-0204 -> INSERTED
2023-12-16 13:58:22,546 - INFO - CVE-1999-0205 -> INSERTED
2023-12-16 13:58:22,740 - INFO - CVE-1999-0206 -> INSERTED
2023-12-16 13:58:22,928 - INFO - CVE-1999-0207 -> INSERTED
2023-12-16 13:58:23,136 - INFO - CVE-1999-0208 -> INSERTED
2023-12-16 13:58:23,344 - INFO - CVE-1999-0209 -> INSERTED
2023-12-16 13:58:23,706 - INFO - CVE-1999-0210 -> INSERTED
2023-12-16 13:58:24,449 - INFO - CVE-1999-0211 -> INSERTED
2023-12-16 13:58:24,766 - INFO - CVE-1999-0212 -> INSERTED
2023-12-16 13:58:25,023 - INFO - CVE-1999-0213 -> INSERTED
2023-12-16 13:58:25,243 - INFO - CVE-1999-0214 -> INSERTED
2023-12-16 13:58:25,448 - INFO - CVE-1999-0215 -> INSERTED
2023-12-16 13:58:25,676 - INFO - CVE-1999-0216 -> INSERTED
2023-12-16 13:58:25,967 - INFO - CVE-1999-0217 -> INSERTED
2023-12-16 13:58:26,207 - INFO - CVE-1999-0218 -> INSERTED
2023-12-16 13:58:26,417 - INFO - CVE-1999-0219 -> INSERTED
2023-12-16 13:58:26,632 - INFO - CVE-1999-0220 -> INSERTED
2023-12-16 13:58:26,852 - INFO - CVE-1999-0221 -> INSERTED
2023-12-16 13:58:27,074 - INFO - CVE-1999-0222 -> INSERTED
2023-12-16 13:58:27,297 - INFO - CVE-1999-0223 -> INSERTED
2023-12-16 13:58:27,525 - INFO - CVE-1999-0224 -> INSERTED
2023-12-16 13:58:27,771 - INFO - CVE-1999-0225 -> INSERTED
2023-12-16 13:58:28,645 - INFO - CVE-1999-0226 -> INSERTED
2023-12-16 13:58:28,908 - INFO - CVE-1999-0227 -> INSERTED
2023-12-16 13:58:29,162 - INFO - CVE-1999-0228 -> INSERTED
2023-12-16 13:58:29,380 - INFO - CVE-1999-0229 -> INSERTED
2023-12-16 13:58:29,589 - INFO - CVE-1999-0230 -> INSERTED
2023-12-16 13:58:29,843 - INFO - CVE-1999-0231 -> INSERTED
2023-12-16 13:58:30,062 - INFO - CVE-1999-0232 -> INSERTED
2023-12-16 13:58:30,269 - INFO - CVE-1999-0233 -> INSERTED
2023-12-16 13:58:30,491 - INFO - CVE-1999-0234 -> INSERTED
2023-12-16 13:58:30,693 - INFO - CVE-1999-0235 -> INSERTED
2023-12-16 13:58:30,999 - INFO - CVE-1999-0236 -> INSERTED
2023-12-16 13:58:31,217 - INFO - CVE-1999-0237 -> INSERTED
2023-12-16 13:58:31,458 - INFO - CVE-1999-0238 -> INSERTED
2023-12-16 13:58:31,711 - INFO - CVE-1999-0239 -> INSERTED
2023-12-16 13:58:31,928 - INFO - CVE-1999-0240 -> INSERTED
2023-12-16 13:58:32,190 - INFO - CVE-1999-0241 -> INSERTED
2023-12-16 13:58:32,391 - INFO - CVE-1999-0242 -> INSERTED
2023-12-16 13:58:32,696 - INFO - CVE-1999-0243 -> INSERTED
2023-12-16 13:58:32,969 - INFO - CVE-1999-0244 -> INSERTED
2023-12-16 13:58:33,274 - INFO - CVE-1999-0245 -> INSERTED
2023-12-16 13:58:33,477 - INFO - CVE-1999-0246 -> INSERTED
2023-12-16 13:58:33,696 - INFO - CVE-1999-0247 -> INSERTED
2023-12-16 13:58:33,982 - INFO - CVE-1999-0248 -> INSERTED
2023-12-16 13:58:34,281 - INFO - CVE-1999-0249 -> INSERTED
2023-12-16 13:58:34,619 - INFO - CVE-1999-0250 -> INSERTED
2023-12-16 13:58:34,920 - INFO - CVE-1999-0251 -> INSERTED
2023-12-16 13:58:35,226 - INFO - CVE-1999-0252 -> INSERTED
2023-12-16 13:58:35,471 - INFO - CVE-1999-0253 -> INSERTED
2023-12-16 13:58:35,710 - INFO - CVE-1999-0254 -> INSERTED
2023-12-16 13:58:35,961 - INFO - CVE-1999-0255 -> INSERTED
2023-12-16 13:58:36,248 - INFO - CVE-1999-0256 -> INSERTED
2023-12-16 13:58:36,541 - INFO - CVE-1999-0257 -> INSERTED
2023-12-16 13:58:36,750 - INFO - CVE-1999-0258 -> INSERTED
2023-12-16 13:58:36,990 - INFO - CVE-1999-0259 -> INSERTED
2023-12-16 13:58:37,214 - INFO - CVE-1999-0260 -> INSERTED
2023-12-16 13:58:37,431 - INFO - CVE-1999-0261 -> INSERTED
2023-12-16 13:58:37,665 - INFO - CVE-1999-0262 -> INSERTED
2023-12-16 13:58:37,976 - INFO - CVE-1999-0263 -> INSERTED
2023-12-16 13:58:38,316 - INFO - CVE-1999-0264 -> INSERTED
2023-12-16 13:58:38,656 - INFO - CVE-1999-0265 -> INSERTED
2023-12-16 13:58:38,858 - INFO - CVE-1999-0266 -> INSERTED
2023-12-16 13:58:39,098 - INFO - CVE-1999-0267 -> INSERTED
2023-12-16 13:58:39,329 - INFO - CVE-1999-0268 -> INSERTED
2023-12-16 13:58:39,557 - INFO - CVE-1999-0269 -> INSERTED
2023-12-16 13:58:39,786 - INFO - CVE-1999-0270 -> INSERTED
2023-12-16 13:58:40,016 - INFO - CVE-1999-0271 -> INSERTED
2023-12-16 13:58:40,254 - INFO - CVE-1999-0272 -> INSERTED
2023-12-16 13:58:40,476 - INFO - CVE-1999-0273 -> INSERTED
2023-12-16 13:58:40,688 - INFO - CVE-1999-0274 -> INSERTED
2023-12-16 13:58:40,894 - INFO - CVE-1999-0275 -> INSERTED
2023-12-16 13:58:41,132 - INFO - CVE-1999-0276 -> INSERTED
2023-12-16 13:58:41,347 - INFO - CVE-1999-0277 -> INSERTED
2023-12-16 13:58:41,565 - INFO - CVE-1999-0278 -> INSERTED
2023-12-16 13:58:41,784 - INFO - CVE-1999-0279 -> INSERTED
2023-12-16 13:58:42,068 - INFO - CVE-1999-0280 -> INSERTED
2023-12-16 13:58:42,291 - INFO - CVE-1999-0281 -> INSERTED
2023-12-16 13:58:42,510 - INFO - CVE-1999-0282 -> INSERTED
2023-12-16 13:58:42,741 - INFO - CVE-1999-0283 -> INSERTED
2023-12-16 13:58:43,007 - INFO - CVE-1999-0284 -> INSERTED
2023-12-16 13:58:43,235 - INFO - CVE-1999-0285 -> INSERTED
2023-12-16 13:58:43,580 - INFO - CVE-1999-0286 -> INSERTED
2023-12-16 13:58:43,893 - INFO - CVE-1999-0287 -> INSERTED
2023-12-16 13:58:44,112 - INFO - CVE-1999-0288 -> INSERTED
2023-12-16 13:58:44,401 - INFO - CVE-1999-0289 -> INSERTED
2023-12-16 13:58:44,622 - INFO - CVE-1999-0290 -> INSERTED
2023-12-16 13:58:44,836 - INFO - CVE-1999-0291 -> INSERTED
2023-12-16 13:58:45,045 - INFO - CVE-1999-0292 -> INSERTED
2023-12-16 13:58:46,329 - INFO - CVE-1999-0293 -> INSERTED
2023-12-16 13:58:46,578 - INFO - CVE-1999-0294 -> INSERTED
2023-12-16 13:58:46,864 - INFO - CVE-1999-0295 -> INSERTED
2023-12-16 13:58:47,078 - INFO - CVE-1999-0296 -> INSERTED
2023-12-16 13:58:47,294 - INFO - CVE-1999-0297 -> INSERTED
2023-12-16 13:58:47,546 - INFO - CVE-1999-0298 -> INSERTED
2023-12-16 13:58:47,787 - INFO - CVE-1999-0299 -> INSERTED
2023-12-16 13:58:48,006 - INFO - CVE-1999-0300 -> INSERTED
2023-12-16 13:58:48,245 - INFO - CVE-1999-0301 -> INSERTED
2023-12-16 13:58:48,472 - INFO - CVE-1999-0302 -> INSERTED
2023-12-16 13:58:48,714 - INFO - CVE-1999-0303 -> INSERTED
2023-12-16 13:58:48,926 - INFO - CVE-1999-0304 -> INSERTED
2023-12-16 13:58:49,205 - INFO - CVE-1999-0305 -> INSERTED
2023-12-16 13:58:49,437 - INFO - CVE-1999-0306 -> INSERTED
2023-12-16 13:58:49,671 - INFO - CVE-1999-0307 -> INSERTED
2023-12-16 13:58:49,874 - INFO - CVE-1999-0308 -> INSERTED
2023-12-16 13:58:50,113 - INFO - CVE-1999-0309 -> INSERTED
2023-12-16 13:58:50,375 - INFO - CVE-1999-0310 -> INSERTED
2023-12-16 13:58:50,608 - INFO - CVE-1999-0311 -> INSERTED
2023-12-16 13:58:50,824 - INFO - CVE-1999-0312 -> INSERTED
2023-12-16 13:58:51,051 - INFO - CVE-1999-0313 -> INSERTED
2023-12-16 13:58:51,260 - INFO - CVE-1999-0314 -> INSERTED
2023-12-16 13:58:51,495 - INFO - CVE-1999-0315 -> INSERTED
2023-12-16 13:58:51,713 - INFO - CVE-1999-0316 -> INSERTED
2023-12-16 13:58:51,956 - INFO - CVE-1999-0317 -> INSERTED
2023-12-16 13:58:52,208 - INFO - CVE-1999-0318 -> INSERTED
2023-12-16 13:58:52,468 - INFO - CVE-1999-0319 -> INSERTED
2023-12-16 13:58:52,728 - INFO - CVE-1999-0320 -> INSERTED
2023-12-16 13:58:52,969 - INFO - CVE-1999-0321 -> INSERTED
2023-12-16 13:58:53,184 - INFO - CVE-1999-0322 -> INSERTED
2023-12-16 13:58:53,403 - INFO - CVE-1999-0323 -> INSERTED
2023-12-16 13:58:53,632 - INFO - CVE-1999-0324 -> INSERTED
2023-12-16 13:58:53,893 - INFO - CVE-1999-0325 -> INSERTED
2023-12-16 13:58:54,093 - INFO - CVE-1999-0326 -> INSERTED
2023-12-16 13:58:54,330 - INFO - CVE-1999-0327 -> INSERTED
2023-12-16 13:58:54,564 - INFO - CVE-1999-0328 -> INSERTED
2023-12-16 13:58:54,817 - INFO - CVE-1999-0329 -> INSERTED
2023-12-16 13:58:55,041 - INFO - CVE-1999-0330 -> INSERTED
2023-12-16 13:58:55,293 - INFO - CVE-1999-0331 -> INSERTED
2023-12-16 13:58:55,559 - INFO - CVE-1999-0332 -> INSERTED
2023-12-16 13:58:55,773 - INFO - CVE-1999-0333 -> INSERTED
2023-12-16 13:58:55,989 - INFO - CVE-1999-0334 -> INSERTED
2023-12-16 13:58:56,194 - INFO - CVE-1999-0335 -> INSERTED
2023-12-16 13:58:56,415 - INFO - CVE-1999-0336 -> INSERTED
2023-12-16 13:58:56,658 - INFO - CVE-1999-0337 -> INSERTED
2023-12-16 13:58:56,904 - INFO - CVE-1999-0338 -> INSERTED
2023-12-16 13:58:57,120 - INFO - CVE-1999-0339 -> INSERTED
2023-12-16 13:58:57,350 - INFO - CVE-1999-0340 -> INSERTED
2023-12-16 13:58:57,560 - INFO - CVE-1999-0341 -> INSERTED
2023-12-16 13:58:57,780 - INFO - CVE-1999-0342 -> INSERTED
2023-12-16 13:58:57,985 - INFO - CVE-1999-0343 -> INSERTED
2023-12-16 13:58:58,202 - INFO - CVE-1999-0344 -> INSERTED
2023-12-16 13:58:58,430 - INFO - CVE-1999-0345 -> INSERTED
2023-12-16 13:58:58,648 - INFO - CVE-1999-0346 -> INSERTED
2023-12-16 13:58:58,857 - INFO - CVE-1999-0347 -> INSERTED
2023-12-16 13:58:59,113 - INFO - CVE-1999-0348 -> INSERTED
2023-12-16 13:58:59,355 - INFO - CVE-1999-0349 -> INSERTED
2023-12-16 13:58:59,570 - INFO - CVE-1999-0350 -> INSERTED
2023-12-16 13:58:59,776 - INFO - CVE-1999-0351 -> INSERTED
2023-12-16 13:59:00,001 - INFO - CVE-1999-0352 -> INSERTED
2023-12-16 13:59:00,255 - INFO - CVE-1999-0353 -> INSERTED
2023-12-16 13:59:00,473 - INFO - CVE-1999-0354 -> INSERTED
2023-12-16 13:59:00,682 - INFO - CVE-1999-0355 -> INSERTED
2023-12-16 13:59:00,907 - INFO - CVE-1999-0356 -> INSERTED
2023-12-16 13:59:01,126 - INFO - CVE-1999-0357 -> INSERTED
2023-12-16 13:59:01,333 - INFO - CVE-1999-0358 -> INSERTED
2023-12-16 13:59:01,538 - INFO - CVE-1999-0359 -> INSERTED
2023-12-16 13:59:01,777 - INFO - CVE-1999-0360 -> INSERTED
2023-12-16 13:59:02,003 - INFO - CVE-1999-0361 -> INSERTED
2023-12-16 13:59:02,216 - INFO - CVE-1999-0362 -> INSERTED
2023-12-16 13:59:02,417 - INFO - CVE-1999-0363 -> INSERTED
2023-12-16 13:59:02,649 - INFO - CVE-1999-0364 -> INSERTED
2023-12-16 13:59:02,897 - INFO - CVE-1999-0365 -> INSERTED
2023-12-16 13:59:03,131 - INFO - CVE-1999-0366 -> INSERTED
2023-12-16 13:59:03,353 - INFO - CVE-1999-0367 -> INSERTED
2023-12-16 13:59:03,611 - INFO - CVE-1999-0368 -> INSERTED
2023-12-16 13:59:03,878 - INFO - CVE-1999-0369 -> INSERTED
2023-12-16 13:59:04,095 - INFO - CVE-1999-0370 -> INSERTED
2023-12-16 13:59:04,301 - INFO - CVE-1999-0371 -> INSERTED
2023-12-16 14:00:04,644 - INFO - CVE-1999-0372 -> INSERTED
2023-12-16 14:00:04,869 - INFO - CVE-1999-0373 -> INSERTED
2023-12-16 14:00:05,094 - INFO - CVE-1999-0374 -> INSERTED
2023-12-16 14:00:05,825 - INFO - CVE-1999-0375 -> INSERTED
2023-12-16 14:00:06,098 - INFO - CVE-1999-0376 -> INSERTED
2023-12-16 14:00:06,335 - INFO - CVE-1999-0377 -> INSERTED
2023-12-16 14:00:06,561 - INFO - CVE-1999-0378 -> INSERTED
2023-12-16 14:00:06,780 - INFO - CVE-1999-0379 -> INSERTED
2023-12-16 14:00:06,996 - INFO - CVE-1999-0380 -> INSERTED
2023-12-16 14:00:07,275 - INFO - CVE-1999-0381 -> INSERTED
2023-12-16 14:00:07,515 - INFO - CVE-1999-0382 -> INSERTED
2023-12-16 14:00:07,765 - INFO - CVE-1999-0383 -> INSERTED
2023-12-16 14:00:08,009 - INFO - CVE-1999-0384 -> INSERTED
2023-12-16 14:00:08,292 - INFO - CVE-1999-0385 -> INSERTED
2023-12-16 14:00:08,503 - INFO - CVE-1999-0386 -> INSERTED
2023-12-16 14:00:08,762 - INFO - CVE-1999-0387 -> INSERTED
2023-12-16 14:00:08,960 - INFO - CVE-1999-0388 -> INSERTED
2023-12-16 14:00:09,217 - INFO - CVE-1999-0389 -> INSERTED
2023-12-16 14:00:09,451 - INFO - CVE-1999-0390 -> INSERTED
2023-12-16 14:00:09,694 - INFO - CVE-1999-0391 -> INSERTED
2023-12-16 14:00:09,924 - INFO - CVE-1999-0392 -> INSERTED
2023-12-16 14:00:10,162 - INFO - CVE-1999-0393 -> INSERTED
2023-12-16 14:00:11,455 - INFO - CVE-1999-0394 -> INSERTED
2023-12-16 14:00:11,719 - INFO - CVE-1999-0395 -> INSERTED
2023-12-16 14:00:11,937 - INFO - CVE-1999-0396 -> INSERTED
2023-12-16 14:00:12,169 - INFO - CVE-1999-0397 -> INSERTED
2023-12-16 14:00:12,372 - INFO - CVE-1999-0398 -> INSERTED
2023-12-16 14:00:12,634 - INFO - CVE-1999-0399 -> INSERTED
2023-12-16 14:00:12,891 - INFO - CVE-1999-0400 -> INSERTED
2023-12-16 14:00:13,147 - INFO - CVE-1999-0401 -> INSERTED
2023-12-16 14:00:13,372 - INFO - CVE-1999-0402 -> INSERTED
2023-12-16 14:00:13,588 - INFO - CVE-1999-0403 -> INSERTED
2023-12-16 14:00:13,845 - INFO - CVE-1999-0404 -> INSERTED
2023-12-16 14:00:14,085 - INFO - CVE-1999-0405 -> INSERTED
2023-12-16 14:00:14,312 - INFO - CVE-1999-0406 -> INSERTED
2023-12-16 14:00:14,538 - INFO - CVE-1999-0407 -> INSERTED
2023-12-16 14:00:14,805 - INFO - CVE-1999-0408 -> INSERTED
2023-12-16 14:00:15,042 - INFO - CVE-1999-0409 -> INSERTED
2023-12-16 14:00:15,258 - INFO - CVE-1999-0410 -> INSERTED
2023-12-16 14:00:15,488 - INFO - CVE-1999-0411 -> INSERTED
2023-12-16 14:00:15,724 - INFO - CVE-1999-0412 -> INSERTED
2023-12-16 14:00:15,924 - INFO - CVE-1999-0413 -> INSERTED
2023-12-16 14:00:16,153 - INFO - CVE-1999-0414 -> INSERTED
2023-12-16 14:00:16,367 - INFO - CVE-1999-0415 -> INSERTED
2023-12-16 14:00:16,633 - INFO - CVE-1999-0416 -> INSERTED
2023-12-16 14:00:16,833 - INFO - CVE-1999-0417 -> INSERTED
2023-12-16 14:00:17,046 - INFO - CVE-1999-0418 -> INSERTED
2023-12-16 14:00:17,268 - INFO - CVE-1999-0419 -> INSERTED
2023-12-16 14:00:17,504 - INFO - CVE-1999-0420 -> INSERTED
2023-12-16 14:00:17,738 - INFO - CVE-1999-0421 -> INSERTED
2023-12-16 14:00:17,956 - INFO - CVE-1999-0422 -> INSERTED
2023-12-16 14:00:18,179 - INFO - CVE-1999-0423 -> INSERTED
2023-12-16 14:00:18,388 - INFO - CVE-1999-0424 -> INSERTED
2023-12-16 14:00:18,591 - INFO - CVE-1999-0425 -> INSERTED
2023-12-16 14:00:18,812 - INFO - CVE-1999-0426 -> INSERTED
2023-12-16 14:00:19,024 - INFO - CVE-1999-0427 -> INSERTED
2023-12-16 14:00:19,262 - INFO - CVE-1999-0428 -> INSERTED
2023-12-16 14:00:19,464 - INFO - CVE-1999-0429 -> INSERTED
2023-12-16 14:00:19,708 - INFO - CVE-1999-0430 -> INSERTED
2023-12-16 14:00:20,223 - INFO - CVE-1999-0431 -> INSERTED
2023-12-16 14:00:20,464 - INFO - CVE-1999-0432 -> INSERTED
2023-12-16 14:00:20,717 - INFO - CVE-1999-0433 -> INSERTED
2023-12-16 14:00:20,924 - INFO - CVE-1999-0434 -> INSERTED
2023-12-16 14:00:21,134 - INFO - CVE-1999-0435 -> INSERTED
2023-12-16 14:00:21,380 - INFO - CVE-1999-0436 -> INSERTED
2023-12-16 14:00:21,715 - INFO - CVE-1999-0437 -> INSERTED
2023-12-16 14:00:21,943 - INFO - CVE-1999-0438 -> INSERTED
2023-12-16 14:00:22,202 - INFO - CVE-1999-0439 -> INSERTED
2023-12-16 14:00:22,458 - INFO - CVE-1999-0440 -> INSERTED
2023-12-16 14:00:22,698 - INFO - CVE-1999-0441 -> INSERTED
2023-12-16 14:00:22,988 - INFO - CVE-1999-0442 -> INSERTED
2023-12-16 14:00:23,224 - INFO - CVE-1999-0443 -> INSERTED
2023-12-16 14:00:23,466 - INFO - CVE-1999-0444 -> INSERTED
2023-12-16 14:00:23,768 - INFO - CVE-1999-0445 -> INSERTED
2023-12-16 14:00:23,996 - INFO - CVE-1999-0446 -> INSERTED
2023-12-16 14:00:24,216 - INFO - CVE-1999-0447 -> INSERTED
2023-12-16 14:00:24,427 - INFO - CVE-1999-0448 -> INSERTED
2023-12-16 14:00:24,675 - INFO - CVE-1999-0449 -> INSERTED
2023-12-16 14:00:24,912 - INFO - CVE-1999-0450 -> INSERTED
2023-12-16 14:00:25,163 - INFO - CVE-1999-0451 -> INSERTED
2023-12-16 14:00:25,394 - INFO - CVE-1999-0452 -> INSERTED
2023-12-16 14:00:25,682 - INFO - CVE-1999-0453 -> INSERTED
2023-12-16 14:00:25,909 - INFO - CVE-1999-0454 -> INSERTED
2023-12-16 14:00:26,111 - INFO - CVE-1999-0455 -> INSERTED
2023-12-16 14:00:26,343 - INFO - CVE-1999-0457 -> INSERTED
2023-12-16 14:00:26,555 - INFO - CVE-1999-0458 -> INSERTED
2023-12-16 14:00:26,781 - INFO - CVE-1999-0459 -> INSERTED
2023-12-16 14:00:26,989 - INFO - CVE-1999-0460 -> INSERTED
2023-12-16 14:00:27,207 - INFO - CVE-1999-0461 -> INSERTED
2023-12-16 14:00:27,407 - INFO - CVE-1999-0462 -> INSERTED
2023-12-16 14:00:27,604 - INFO - CVE-1999-0463 -> INSERTED
2023-12-16 14:00:27,812 - INFO - CVE-1999-0464 -> INSERTED
2023-12-16 14:00:28,017 - INFO - CVE-1999-0465 -> INSERTED
2023-12-16 14:00:28,230 - INFO - CVE-1999-0466 -> INSERTED
2023-12-16 14:00:28,428 - INFO - CVE-1999-0467 -> INSERTED
2023-12-16 14:00:28,636 - INFO - CVE-1999-0468 -> INSERTED
2023-12-16 14:00:28,854 - INFO - CVE-1999-0469 -> INSERTED
2023-12-16 14:00:29,057 - INFO - CVE-1999-0470 -> INSERTED
2023-12-16 14:00:29,258 - INFO - CVE-1999-0471 -> INSERTED
2023-12-16 14:00:29,467 - INFO - CVE-1999-0472 -> INSERTED
2023-12-16 14:00:29,665 - INFO - CVE-1999-0473 -> INSERTED
2023-12-16 14:00:29,870 - INFO - CVE-1999-0474 -> INSERTED
2023-12-16 14:00:30,069 - INFO - CVE-1999-0475 -> INSERTED
2023-12-16 14:00:30,280 - INFO - CVE-1999-0476 -> INSERTED
2023-12-16 14:00:30,516 - INFO - CVE-1999-0477 -> INSERTED
2023-12-16 14:00:30,759 - INFO - CVE-1999-0478 -> INSERTED
2023-12-16 14:00:30,975 - INFO - CVE-1999-0479 -> INSERTED
2023-12-16 14:00:31,186 - INFO - CVE-1999-0480 -> INSERTED
2023-12-16 14:00:31,392 - INFO - CVE-1999-0481 -> INSERTED
2023-12-16 14:00:31,593 - INFO - CVE-1999-0482 -> INSERTED
2023-12-16 14:00:31,801 - INFO - CVE-1999-0483 -> INSERTED
2023-12-16 14:00:32,020 - INFO - CVE-1999-0484 -> INSERTED
2023-12-16 14:00:32,229 - INFO - CVE-1999-0485 -> INSERTED
2023-12-16 14:00:32,435 - INFO - CVE-1999-0486 -> INSERTED
2023-12-16 14:00:32,663 - INFO - CVE-1999-0487 -> INSERTED
2023-12-16 14:00:32,892 - INFO - CVE-1999-0488 -> INSERTED
2023-12-16 14:00:33,133 - INFO - CVE-1999-0489 -> INSERTED
2023-12-16 14:00:33,359 - INFO - CVE-1999-0490 -> INSERTED
2023-12-16 14:00:33,602 - INFO - CVE-1999-0491 -> INSERTED
2023-12-16 14:00:33,843 - INFO - CVE-1999-0492 -> INSERTED
2023-12-16 14:00:34,078 - INFO - CVE-1999-0493 -> INSERTED
2023-12-16 14:00:34,323 - INFO - CVE-1999-0494 -> INSERTED
2023-12-16 14:00:34,551 - INFO - CVE-1999-0495 -> INSERTED
2023-12-16 14:00:35,015 - INFO - CVE-1999-0496 -> INSERTED
2023-12-16 14:00:35,368 - INFO - CVE-1999-0497 -> INSERTED
2023-12-16 14:00:35,626 - INFO - CVE-1999-0498 -> INSERTED
2023-12-16 14:00:35,866 - INFO - CVE-1999-0499 -> INSERTED
2023-12-16 14:00:36,107 - INFO - CVE-1999-0501 -> INSERTED
2023-12-16 14:00:36,369 - INFO - CVE-1999-0502 -> INSERTED
2023-12-16 14:00:36,572 - INFO - CVE-1999-0503 -> INSERTED
2023-12-16 14:00:36,779 - INFO - CVE-1999-0504 -> INSERTED
2023-12-16 14:00:37,010 - INFO - CVE-1999-0505 -> INSERTED
2023-12-16 14:00:37,245 - INFO - CVE-1999-0506 -> INSERTED
2023-12-16 14:00:37,479 - INFO - CVE-1999-0507 -> INSERTED
2023-12-16 14:00:37,674 - INFO - CVE-1999-0508 -> INSERTED
2023-12-16 14:00:37,961 - INFO - CVE-1999-0509 -> INSERTED
2023-12-16 14:00:38,244 - INFO - CVE-1999-0510 -> INSERTED
2023-12-16 14:00:38,515 - INFO - CVE-1999-0511 -> INSERTED
2023-12-16 14:00:38,773 - INFO - CVE-1999-0512 -> INSERTED
2023-12-16 14:00:39,120 - INFO - CVE-1999-0513 -> INSERTED
2023-12-16 14:00:39,333 - INFO - CVE-1999-0514 -> INSERTED
2023-12-16 14:00:39,538 - INFO - CVE-1999-0515 -> INSERTED
2023-12-16 14:00:39,809 - INFO - CVE-1999-0516 -> INSERTED
2023-12-16 14:00:40,055 - INFO - CVE-1999-0517 -> INSERTED
2023-12-16 14:00:40,315 - INFO - CVE-1999-0518 -> INSERTED
2023-12-16 14:00:40,551 - INFO - CVE-1999-0519 -> INSERTED
2023-12-16 14:00:40,878 - INFO - CVE-1999-0520 -> INSERTED
2023-12-16 14:00:41,095 - INFO - CVE-1999-0521 -> INSERTED
2023-12-16 14:00:41,358 - INFO - CVE-1999-0522 -> INSERTED
2023-12-16 14:00:41,690 - INFO - CVE-1999-0523 -> INSERTED
2023-12-16 14:00:41,965 - INFO - CVE-1999-0524 -> INSERTED
2023-12-16 14:00:42,188 - INFO - CVE-1999-0525 -> INSERTED
2023-12-16 14:00:42,387 - INFO - CVE-1999-0526 -> INSERTED
2023-12-16 14:00:42,611 - INFO - CVE-1999-0527 -> INSERTED
2023-12-16 14:00:42,825 - INFO - CVE-1999-0528 -> INSERTED
2023-12-16 14:00:43,086 - INFO - CVE-1999-0529 -> INSERTED
2023-12-16 14:00:43,295 - INFO - CVE-1999-0530 -> INSERTED
2023-12-16 14:00:43,538 - INFO - CVE-1999-0531 -> INSERTED
2023-12-16 14:00:43,814 - INFO - CVE-1999-0532 -> INSERTED
2023-12-16 14:00:44,030 - INFO - CVE-1999-0533 -> INSERTED
2023-12-16 14:00:44,273 - INFO - CVE-1999-0534 -> INSERTED
2023-12-16 14:00:44,518 - INFO - CVE-1999-0535 -> INSERTED
2023-12-16 14:00:44,754 - INFO - CVE-1999-0537 -> INSERTED
2023-12-16 14:00:44,983 - INFO - CVE-1999-0539 -> INSERTED
2023-12-16 14:00:45,205 - INFO - CVE-1999-0541 -> INSERTED
2023-12-16 14:00:45,434 - INFO - CVE-1999-0546 -> INSERTED
2023-12-16 14:00:45,699 - INFO - CVE-1999-0547 -> INSERTED
2023-12-16 14:00:45,898 - INFO - CVE-1999-0548 -> INSERTED
2023-12-16 14:00:46,111 - INFO - CVE-1999-0549 -> INSERTED
2023-12-16 14:00:46,352 - INFO - CVE-1999-0550 -> INSERTED
2023-12-16 14:00:46,597 - INFO - CVE-1999-0551 -> INSERTED
2023-12-16 14:00:46,802 - INFO - CVE-1999-0554 -> INSERTED
2023-12-16 14:00:47,023 - INFO - CVE-1999-0555 -> INSERTED
2023-12-16 14:00:47,266 - INFO - CVE-1999-0556 -> INSERTED
2023-12-16 14:00:47,498 - INFO - CVE-1999-0559 -> INSERTED
2023-12-16 14:00:47,725 - INFO - CVE-1999-0560 -> INSERTED
2023-12-16 14:00:47,953 - INFO - CVE-1999-0561 -> INSERTED
2023-12-16 14:00:48,216 - INFO - CVE-1999-0562 -> INSERTED
2023-12-16 14:00:48,439 - INFO - CVE-1999-0564 -> INSERTED
2023-12-16 14:00:48,694 - INFO - CVE-1999-0565 -> INSERTED
2023-12-16 14:01:48,969 - INFO - CVE-1999-0566 -> INSERTED
2023-12-16 14:01:49,215 - INFO - CVE-1999-0568 -> INSERTED
2023-12-16 14:01:49,440 - INFO - CVE-1999-0569 -> INSERTED
2023-12-16 14:01:49,679 - INFO - CVE-1999-0570 -> INSERTED
2023-12-16 14:01:49,887 - INFO - CVE-1999-0571 -> INSERTED
2023-12-16 14:01:50,111 - INFO - CVE-1999-0572 -> INSERTED
2023-12-16 14:01:50,343 - INFO - CVE-1999-0575 -> INSERTED
2023-12-16 14:01:50,575 - INFO - CVE-1999-0576 -> INSERTED
2023-12-16 14:01:50,807 - INFO - CVE-1999-0577 -> INSERTED
2023-12-16 14:01:51,058 - INFO - CVE-1999-0578 -> INSERTED
2023-12-16 14:01:51,300 - INFO - CVE-1999-0579 -> INSERTED
2023-12-16 14:01:51,511 - INFO - CVE-1999-0580 -> INSERTED
2023-12-16 14:01:51,750 - INFO - CVE-1999-0581 -> INSERTED
2023-12-16 14:01:52,543 - INFO - CVE-1999-0582 -> INSERTED
2023-12-16 14:01:52,784 - INFO - CVE-1999-0583 -> INSERTED
2023-12-16 14:01:53,000 - INFO - CVE-1999-0584 -> INSERTED
2023-12-16 14:01:53,238 - INFO - CVE-1999-0585 -> INSERTED
2023-12-16 14:01:53,462 - INFO - CVE-1999-0586 -> INSERTED
2023-12-16 14:01:53,668 - INFO - CVE-1999-0587 -> INSERTED
2023-12-16 14:01:53,907 - INFO - CVE-1999-0588 -> INSERTED
2023-12-16 14:01:54,141 - INFO - CVE-1999-0589 -> INSERTED
2023-12-16 14:01:54,390 - INFO - CVE-1999-0590 -> INSERTED
2023-12-16 14:01:54,594 - INFO - CVE-1999-0591 -> INSERTED
2023-12-16 14:01:54,823 - INFO - CVE-1999-0592 -> INSERTED
2023-12-16 14:01:55,066 - INFO - CVE-1999-0593 -> INSERTED
2023-12-16 14:01:55,260 - INFO - CVE-1999-0594 -> INSERTED
2023-12-16 14:01:55,503 - INFO - CVE-1999-0595 -> INSERTED
2023-12-16 14:01:55,721 - INFO - CVE-1999-0596 -> INSERTED
2023-12-16 14:01:55,928 - INFO - CVE-1999-0597 -> INSERTED
2023-12-16 14:01:56,159 - INFO - CVE-1999-0598 -> INSERTED
2023-12-16 14:01:56,385 - INFO - CVE-1999-0599 -> INSERTED
2023-12-16 14:01:56,627 - INFO - CVE-1999-0600 -> INSERTED
2023-12-16 14:01:56,826 - INFO - CVE-1999-0601 -> INSERTED
2023-12-16 14:01:57,018 - INFO - CVE-1999-0602 -> INSERTED
2023-12-16 14:01:57,252 - INFO - CVE-1999-0603 -> INSERTED
2023-12-16 14:01:57,494 - INFO - CVE-1999-0604 -> INSERTED
2023-12-16 14:01:57,837 - INFO - CVE-1999-0605 -> INSERTED
2023-12-16 14:01:58,142 - INFO - CVE-1999-0606 -> INSERTED
2023-12-16 14:01:58,356 - INFO - CVE-1999-0607 -> INSERTED
2023-12-16 14:01:58,619 - INFO - CVE-1999-0608 -> INSERTED
2023-12-16 14:01:58,832 - INFO - CVE-1999-0609 -> INSERTED
2023-12-16 14:01:59,054 - INFO - CVE-1999-0610 -> INSERTED
2023-12-16 14:01:59,295 - INFO - CVE-1999-0611 -> INSERTED
2023-12-16 14:01:59,541 - INFO - CVE-1999-0612 -> INSERTED
2023-12-16 14:01:59,774 - INFO - CVE-1999-0613 -> INSERTED
2023-12-16 14:01:59,992 - INFO - CVE-1999-0614 -> INSERTED
2023-12-16 14:02:00,214 - INFO - CVE-1999-0615 -> INSERTED
2023-12-16 14:02:00,452 - INFO - CVE-1999-0616 -> INSERTED
2023-12-16 14:02:00,684 - INFO - CVE-1999-0617 -> INSERTED
2023-12-16 14:02:00,894 - INFO - CVE-1999-0618 -> INSERTED
2023-12-16 14:02:01,108 - INFO - CVE-1999-0619 -> INSERTED
2023-12-16 14:02:01,319 - INFO - CVE-1999-0620 -> INSERTED
2023-12-16 14:02:01,581 - INFO - CVE-1999-0621 -> INSERTED
2023-12-16 14:02:01,803 - INFO - CVE-1999-0622 -> INSERTED
2023-12-16 14:02:02,019 - INFO - CVE-1999-0623 -> INSERTED
2023-12-16 14:02:02,242 - INFO - CVE-1999-0624 -> INSERTED
2023-12-16 14:02:02,548 - INFO - CVE-1999-0625 -> INSERTED
2023-12-16 14:02:02,780 - INFO - CVE-1999-0626 -> INSERTED
2023-12-16 14:02:02,998 - INFO - CVE-1999-0627 -> INSERTED
2023-12-16 14:02:03,219 - INFO - CVE-1999-0628 -> INSERTED
2023-12-16 14:02:03,448 - INFO - CVE-1999-0629 -> INSERTED
2023-12-16 14:02:03,675 - INFO - CVE-1999-0630 -> INSERTED
2023-12-16 14:02:03,922 - INFO - CVE-1999-0631 -> INSERTED
2023-12-16 14:02:04,151 - INFO - CVE-1999-0632 -> INSERTED
2023-12-16 14:02:04,380 - INFO - CVE-1999-0633 -> INSERTED
2023-12-16 14:02:04,605 - INFO - CVE-1999-0634 -> INSERTED
2023-12-16 14:02:04,830 - INFO - CVE-1999-0635 -> INSERTED
2023-12-16 14:02:05,066 - INFO - CVE-1999-0636 -> INSERTED
2023-12-16 14:02:05,265 - INFO - CVE-1999-0637 -> INSERTED
2023-12-16 14:02:05,488 - INFO - CVE-1999-0638 -> INSERTED
2023-12-16 14:02:05,719 - INFO - CVE-1999-0639 -> INSERTED
2023-12-16 14:02:05,951 - INFO - CVE-1999-0640 -> INSERTED
2023-12-16 14:02:06,187 - INFO - CVE-1999-0641 -> INSERTED
2023-12-16 14:02:06,414 - INFO - CVE-1999-0642 -> INSERTED
2023-12-16 14:02:06,651 - INFO - CVE-1999-0643 -> INSERTED
2023-12-16 14:02:06,882 - INFO - CVE-1999-0644 -> INSERTED
2023-12-16 14:02:07,113 - INFO - CVE-1999-0645 -> INSERTED
2023-12-16 14:02:07,322 - INFO - CVE-1999-0646 -> INSERTED
2023-12-16 14:02:07,574 - INFO - CVE-1999-0647 -> INSERTED
2023-12-16 14:02:07,826 - INFO - CVE-1999-0648 -> INSERTED
2023-12-16 14:02:08,048 - INFO - CVE-1999-0649 -> INSERTED
2023-12-16 14:02:08,262 - INFO - CVE-1999-0650 -> INSERTED
2023-12-16 14:02:08,490 - INFO - CVE-1999-0651 -> INSERTED
2023-12-16 14:02:08,715 - INFO - CVE-1999-0652 -> INSERTED
2023-12-16 14:02:08,954 - INFO - CVE-1999-0653 -> INSERTED
2023-12-16 14:02:09,206 - INFO - CVE-1999-0654 -> INSERTED
2023-12-16 14:02:09,438 - INFO - CVE-1999-0655 -> INSERTED
2023-12-16 14:02:09,664 - INFO - CVE-1999-0656 -> INSERTED
2023-12-16 14:02:09,929 - INFO - CVE-1999-0657 -> INSERTED
2023-12-16 14:02:10,160 - INFO - CVE-1999-0658 -> INSERTED
2023-12-16 14:02:10,386 - INFO - CVE-1999-0659 -> INSERTED
2023-12-16 14:02:10,613 - INFO - CVE-1999-0660 -> INSERTED
2023-12-16 14:02:10,870 - INFO - CVE-1999-0661 -> INSERTED
2023-12-16 14:02:11,111 - INFO - CVE-1999-0662 -> INSERTED
2023-12-16 14:02:11,355 - INFO - CVE-1999-0663 -> INSERTED
2023-12-16 14:02:11,579 - INFO - CVE-1999-0664 -> INSERTED
2023-12-16 14:02:11,814 - INFO - CVE-1999-0665 -> INSERTED
2023-12-16 14:02:12,048 - INFO - CVE-1999-0667 -> INSERTED
2023-12-16 14:02:12,271 - INFO - CVE-1999-0668 -> INSERTED
2023-12-16 14:02:12,504 - INFO - CVE-1999-0669 -> INSERTED
2023-12-16 14:02:12,750 - INFO - CVE-1999-0670 -> INSERTED
2023-12-16 14:02:12,980 - INFO - CVE-1999-0671 -> INSERTED
2023-12-16 14:02:13,186 - INFO - CVE-1999-0672 -> INSERTED
2023-12-16 14:02:13,425 - INFO - CVE-1999-0673 -> INSERTED
2023-12-16 14:02:13,686 - INFO - CVE-1999-0674 -> INSERTED
2023-12-16 14:02:13,925 - INFO - CVE-1999-0675 -> INSERTED
2023-12-16 14:02:14,161 - INFO - CVE-1999-0676 -> INSERTED
2023-12-16 14:02:14,382 - INFO - CVE-1999-0677 -> INSERTED
2023-12-16 14:02:14,611 - INFO - CVE-1999-0678 -> INSERTED
2023-12-16 14:02:14,830 - INFO - CVE-1999-0679 -> INSERTED
2023-12-16 14:02:15,056 - INFO - CVE-1999-0680 -> INSERTED
2023-12-16 14:02:15,303 - INFO - CVE-1999-0681 -> INSERTED
2023-12-16 14:02:15,507 - INFO - CVE-1999-0682 -> INSERTED
2023-12-16 14:02:15,737 - INFO - CVE-1999-0683 -> INSERTED
2023-12-16 14:02:15,952 - INFO - CVE-1999-0684 -> INSERTED
2023-12-16 14:02:16,205 - INFO - CVE-1999-0685 -> INSERTED
2023-12-16 14:02:16,420 - INFO - CVE-1999-0686 -> INSERTED
2023-12-16 14:02:16,674 - INFO - CVE-1999-0687 -> INSERTED
2023-12-16 14:02:16,918 - INFO - CVE-1999-0688 -> INSERTED
2023-12-16 14:02:17,181 - INFO - CVE-1999-0689 -> INSERTED
2023-12-16 14:02:17,397 - INFO - CVE-1999-0690 -> INSERTED
2023-12-16 14:02:17,646 - INFO - CVE-1999-0691 -> INSERTED
2023-12-16 14:02:17,875 - INFO - CVE-1999-0692 -> INSERTED
2023-12-16 14:02:18,131 - INFO - CVE-1999-0693 -> INSERTED
2023-12-16 14:02:18,360 - INFO - CVE-1999-0694 -> INSERTED
2023-12-16 14:02:18,582 - INFO - CVE-1999-0695 -> INSERTED
2023-12-16 14:02:18,823 - INFO - CVE-1999-0696 -> INSERTED
2023-12-16 14:02:19,045 - INFO - CVE-1999-0697 -> INSERTED
2023-12-16 14:02:19,276 - INFO - CVE-1999-0698 -> INSERTED
2023-12-16 14:02:19,503 - INFO - CVE-1999-0699 -> INSERTED
2023-12-16 14:02:19,768 - INFO - CVE-1999-0700 -> INSERTED
2023-12-16 14:02:20,026 - INFO - CVE-1999-0701 -> INSERTED
2023-12-16 14:02:20,249 - INFO - CVE-1999-0702 -> INSERTED
2023-12-16 14:02:20,508 - INFO - CVE-1999-0703 -> INSERTED
2023-12-16 14:02:20,744 - INFO - CVE-1999-0704 -> INSERTED
2023-12-16 14:02:20,981 - INFO - CVE-1999-0705 -> INSERTED
2023-12-16 14:02:21,244 - INFO - CVE-1999-0706 -> INSERTED
2023-12-16 14:02:21,471 - INFO - CVE-1999-0707 -> INSERTED
2023-12-16 14:02:21,771 - INFO - CVE-1999-0708 -> INSERTED
2023-12-16 14:02:22,011 - INFO - CVE-1999-0710 -> INSERTED
2023-12-16 14:02:22,250 - INFO - CVE-1999-0711 -> INSERTED
2023-12-16 14:02:22,478 - INFO - CVE-1999-0712 -> INSERTED
2023-12-16 14:02:22,702 - INFO - CVE-1999-0713 -> INSERTED
2023-12-16 14:02:22,950 - INFO - CVE-1999-0714 -> INSERTED
2023-12-16 14:02:23,177 - INFO - CVE-1999-0715 -> INSERTED
2023-12-16 14:02:23,419 - INFO - CVE-1999-0716 -> INSERTED
2023-12-16 14:02:23,652 - INFO - CVE-1999-0717 -> INSERTED
2023-12-16 14:02:23,960 - INFO - CVE-1999-0718 -> INSERTED
2023-12-16 14:02:24,180 - INFO - CVE-1999-0719 -> INSERTED
2023-12-16 14:02:24,412 - INFO - CVE-1999-0720 -> INSERTED
2023-12-16 14:02:24,703 - INFO - CVE-1999-0721 -> INSERTED
2023-12-16 14:02:24,931 - INFO - CVE-1999-0722 -> INSERTED
2023-12-16 14:02:25,187 - INFO - CVE-1999-0723 -> INSERTED
2023-12-16 14:02:25,403 - INFO - CVE-1999-0724 -> INSERTED
2023-12-16 14:02:25,647 - INFO - CVE-1999-0725 -> INSERTED
2023-12-16 14:02:25,957 - INFO - CVE-1999-0726 -> INSERTED
2023-12-16 14:02:26,188 - INFO - CVE-1999-0727 -> INSERTED
2023-12-16 14:02:26,436 - INFO - CVE-1999-0728 -> INSERTED
2023-12-16 14:02:26,673 - INFO - CVE-1999-0729 -> INSERTED
2023-12-16 14:02:26,895 - INFO - CVE-1999-0730 -> INSERTED
2023-12-16 14:02:27,123 - INFO - CVE-1999-0731 -> INSERTED
2023-12-16 14:02:27,347 - INFO - CVE-1999-0732 -> INSERTED
2023-12-16 14:02:27,564 - INFO - CVE-1999-0733 -> INSERTED
2023-12-16 14:02:27,799 - INFO - CVE-1999-0734 -> INSERTED
2023-12-16 14:02:28,024 - INFO - CVE-1999-0735 -> INSERTED
2023-12-16 14:02:28,322 - INFO - CVE-1999-0736 -> INSERTED
2023-12-16 14:02:28,557 - INFO - CVE-1999-0737 -> INSERTED
2023-12-16 14:02:28,792 - INFO - CVE-1999-0738 -> INSERTED
2023-12-16 14:02:29,026 - INFO - CVE-1999-0739 -> INSERTED
2023-12-16 14:02:29,282 - INFO - CVE-1999-0740 -> INSERTED
2023-12-16 14:02:29,516 - INFO - CVE-1999-0741 -> INSERTED
2023-12-16 14:02:29,708 - INFO - CVE-1999-0742 -> INSERTED
2023-12-16 14:02:29,928 - INFO - CVE-1999-0743 -> INSERTED
2023-12-16 14:02:30,162 - INFO - CVE-1999-0744 -> INSERTED
2023-12-16 14:02:30,403 - INFO - CVE-1999-0745 -> INSERTED
2023-12-16 14:02:30,638 - INFO - CVE-1999-0746 -> INSERTED
2023-12-16 14:02:30,863 - INFO - CVE-1999-0747 -> INSERTED
2023-12-16 14:02:31,090 - INFO - CVE-1999-0748 -> INSERTED
2023-12-16 14:02:31,317 - INFO - CVE-1999-0749 -> INSERTED
2023-12-16 14:02:31,531 - INFO - CVE-1999-0750 -> INSERTED
2023-12-16 14:03:32,035 - INFO - CVE-1999-0751 -> INSERTED
2023-12-16 14:03:32,271 - INFO - CVE-1999-0752 -> INSERTED
2023-12-16 14:03:32,508 - INFO - CVE-1999-0753 -> INSERTED
2023-12-16 14:03:32,755 - INFO - CVE-1999-0754 -> INSERTED
2023-12-16 14:03:32,987 - INFO - CVE-1999-0755 -> INSERTED
2023-12-16 14:03:33,214 - INFO - CVE-1999-0756 -> INSERTED
2023-12-16 14:03:33,462 - INFO - CVE-1999-0757 -> INSERTED
2023-12-16 14:03:33,682 - INFO - CVE-1999-0758 -> INSERTED
2023-12-16 14:03:33,911 - INFO - CVE-1999-0759 -> INSERTED
2023-12-16 14:03:34,137 - INFO - CVE-1999-0760 -> INSERTED
2023-12-16 14:03:34,351 - INFO - CVE-1999-0761 -> INSERTED
2023-12-16 14:03:34,583 - INFO - CVE-1999-0762 -> INSERTED
2023-12-16 14:03:34,827 - INFO - CVE-1999-0763 -> INSERTED
2023-12-16 14:03:35,054 - INFO - CVE-1999-0764 -> INSERTED
2023-12-16 14:03:35,296 - INFO - CVE-1999-0765 -> INSERTED
2023-12-16 14:03:35,512 - INFO - CVE-1999-0766 -> INSERTED
2023-12-16 14:03:35,757 - INFO - CVE-1999-0767 -> INSERTED
2023-12-16 14:03:35,986 - INFO - CVE-1999-0768 -> INSERTED
2023-12-16 14:03:36,209 - INFO - CVE-1999-0769 -> INSERTED
2023-12-16 14:03:36,433 - INFO - CVE-1999-0770 -> INSERTED
2023-12-16 14:03:36,693 - INFO - CVE-1999-0771 -> INSERTED
2023-12-16 14:03:36,911 - INFO - CVE-1999-0772 -> INSERTED
2023-12-16 14:03:37,131 - INFO - CVE-1999-0773 -> INSERTED
2023-12-16 14:03:37,365 - INFO - CVE-1999-0774 -> INSERTED
2023-12-16 14:03:37,590 - INFO - CVE-1999-0775 -> INSERTED
2023-12-16 14:03:37,811 - INFO - CVE-1999-0776 -> INSERTED
2023-12-16 14:03:38,029 - INFO - CVE-1999-0777 -> INSERTED
2023-12-16 14:03:38,251 - INFO - CVE-1999-0778 -> INSERTED
2023-12-16 14:03:38,478 - INFO - CVE-1999-0779 -> INSERTED
2023-12-16 14:03:38,701 - INFO - CVE-1999-0780 -> INSERTED
2023-12-16 14:03:38,932 - INFO - CVE-1999-0781 -> INSERTED
2023-12-16 14:03:39,156 - INFO - CVE-1999-0782 -> INSERTED
2023-12-16 14:03:39,366 - INFO - CVE-1999-0783 -> INSERTED
2023-12-16 14:03:39,579 - INFO - CVE-1999-0784 -> INSERTED
2023-12-16 14:03:39,804 - INFO - CVE-1999-0785 -> INSERTED
2023-12-16 14:03:40,042 - INFO - CVE-1999-0786 -> INSERTED
2023-12-16 14:03:40,317 - INFO - CVE-1999-0787 -> INSERTED
2023-12-16 14:03:40,545 - INFO - CVE-1999-0788 -> INSERTED
2023-12-16 14:03:40,803 - INFO - CVE-1999-0789 -> INSERTED
2023-12-16 14:03:41,037 - INFO - CVE-1999-0790 -> INSERTED
2023-12-16 14:03:41,262 - INFO - CVE-1999-0791 -> INSERTED
2023-12-16 14:03:41,479 - INFO - CVE-1999-0792 -> INSERTED
2023-12-16 14:03:41,723 - INFO - CVE-1999-0793 -> INSERTED
2023-12-16 14:03:41,949 - INFO - CVE-1999-0794 -> INSERTED
2023-12-16 14:03:42,165 - INFO - CVE-1999-0795 -> INSERTED
2023-12-16 14:03:42,402 - INFO - CVE-1999-0796 -> INSERTED
2023-12-16 14:03:42,638 - INFO - CVE-1999-0797 -> INSERTED
2023-12-16 14:03:42,876 - INFO - CVE-1999-0798 -> INSERTED
2023-12-16 14:03:43,115 - INFO - CVE-1999-0799 -> INSERTED
2023-12-16 14:03:43,328 - INFO - CVE-1999-0800 -> INSERTED
2023-12-16 14:03:43,534 - INFO - CVE-1999-0801 -> INSERTED
2023-12-16 14:03:43,778 - INFO - CVE-1999-0802 -> INSERTED
2023-12-16 14:03:44,030 - INFO - CVE-1999-0803 -> INSERTED
2023-12-16 14:03:44,270 - INFO - CVE-1999-0804 -> INSERTED
2023-12-16 14:03:44,514 - INFO - CVE-1999-0805 -> INSERTED
2023-12-16 14:03:44,743 - INFO - CVE-1999-0806 -> INSERTED
2023-12-16 14:03:44,942 - INFO - CVE-1999-0807 -> INSERTED
2023-12-16 14:03:45,165 - INFO - CVE-1999-0808 -> INSERTED
2023-12-16 14:03:45,389 - INFO - CVE-1999-0809 -> INSERTED
2023-12-16 14:03:45,621 - INFO - CVE-1999-0810 -> INSERTED
2023-12-16 14:03:45,870 - INFO - CVE-1999-0811 -> INSERTED
2023-12-16 14:03:46,093 - INFO - CVE-1999-0812 -> INSERTED
2023-12-16 14:03:46,332 - INFO - CVE-1999-0813 -> INSERTED
2023-12-16 14:03:46,552 - INFO - CVE-1999-0814 -> INSERTED
2023-12-16 14:03:46,800 - INFO - CVE-1999-0815 -> INSERTED
2023-12-16 14:03:47,006 - INFO - CVE-1999-0816 -> INSERTED
2023-12-16 14:03:47,217 - INFO - CVE-1999-0817 -> INSERTED
2023-12-16 14:03:47,427 - INFO - CVE-1999-0818 -> INSERTED
2023-12-16 14:03:47,651 - INFO - CVE-1999-0819 -> INSERTED
2023-12-16 14:03:47,875 - INFO - CVE-1999-0820 -> INSERTED
2023-12-16 14:03:48,109 - INFO - CVE-1999-0821 -> INSERTED
2023-12-16 14:03:48,329 - INFO - CVE-1999-0822 -> INSERTED
2023-12-16 14:03:48,556 - INFO - CVE-1999-0823 -> INSERTED
2023-12-16 14:03:48,780 - INFO - CVE-1999-0824 -> INSERTED
2023-12-16 14:03:49,010 - INFO - CVE-1999-0825 -> INSERTED
2023-12-16 14:03:49,235 - INFO - CVE-1999-0826 -> INSERTED
2023-12-16 14:03:49,456 - INFO - CVE-1999-0827 -> INSERTED
2023-12-16 14:03:49,686 - INFO - CVE-1999-0828 -> INSERTED
2023-12-16 14:03:49,911 - INFO - CVE-1999-0829 -> INSERTED
2023-12-16 14:03:50,128 - INFO - CVE-1999-0830 -> INSERTED
2023-12-16 14:03:50,370 - INFO - CVE-1999-0831 -> INSERTED
2023-12-16 14:03:50,602 - INFO - CVE-1999-0832 -> INSERTED
2023-12-16 14:03:50,832 - INFO - CVE-1999-0833 -> INSERTED
2023-12-16 14:03:51,069 - INFO - CVE-1999-0834 -> INSERTED
2023-12-16 14:03:51,291 - INFO - CVE-1999-0835 -> INSERTED
2023-12-16 14:03:51,526 - INFO - CVE-1999-0836 -> INSERTED
2023-12-16 14:03:51,787 - INFO - CVE-1999-0837 -> INSERTED
2023-12-16 14:03:51,997 - INFO - CVE-1999-0838 -> INSERTED
2023-12-16 14:03:52,238 - INFO - CVE-1999-0839 -> INSERTED
2023-12-16 14:03:52,464 - INFO - CVE-1999-0840 -> INSERTED
2023-12-16 14:03:52,671 - INFO - CVE-1999-0841 -> INSERTED
2023-12-16 14:03:52,891 - INFO - CVE-1999-0842 -> INSERTED
2023-12-16 14:03:53,112 - INFO - CVE-1999-0843 -> INSERTED
2023-12-16 14:03:53,332 - INFO - CVE-1999-0844 -> INSERTED
2023-12-16 14:03:53,539 - INFO - CVE-1999-0845 -> INSERTED
2023-12-16 14:03:53,743 - INFO - CVE-1999-0846 -> INSERTED
2023-12-16 14:03:53,954 - INFO - CVE-1999-0847 -> INSERTED
2023-12-16 14:03:54,164 - INFO - CVE-1999-0848 -> INSERTED
2023-12-16 14:03:54,368 - INFO - CVE-1999-0849 -> INSERTED
2023-12-16 14:03:54,589 - INFO - CVE-1999-0850 -> INSERTED
2023-12-16 14:03:54,815 - INFO - CVE-1999-0851 -> INSERTED
2023-12-16 14:03:55,039 - INFO - CVE-1999-0852 -> INSERTED
2023-12-16 14:03:55,253 - INFO - CVE-1999-0853 -> INSERTED
2023-12-16 14:03:55,459 - INFO - CVE-1999-0854 -> INSERTED
2023-12-16 14:03:55,662 - INFO - CVE-1999-0855 -> INSERTED
2023-12-16 14:03:55,871 - INFO - CVE-1999-0856 -> INSERTED
2023-12-16 14:03:56,079 - INFO - CVE-1999-0857 -> INSERTED
2023-12-16 14:03:56,344 - INFO - CVE-1999-0858 -> INSERTED
2023-12-16 14:03:56,585 - INFO - CVE-1999-0859 -> INSERTED
2023-12-16 14:03:56,810 - INFO - CVE-1999-0860 -> INSERTED
2023-12-16 14:03:57,030 - INFO - CVE-1999-0861 -> INSERTED
2023-12-16 14:03:57,264 - INFO - CVE-1999-0862 -> INSERTED
2023-12-16 14:03:57,471 - INFO - CVE-1999-0863 -> INSERTED
2023-12-16 14:03:57,679 - INFO - CVE-1999-0864 -> INSERTED
2023-12-16 14:03:57,880 - INFO - CVE-1999-0865 -> INSERTED
2023-12-16 14:03:58,087 - INFO - CVE-1999-0866 -> INSERTED
2023-12-16 14:03:58,376 - INFO - CVE-1999-0867 -> INSERTED
2023-12-16 14:03:58,596 - INFO - CVE-1999-0868 -> INSERTED
2023-12-16 14:03:58,809 - INFO - CVE-1999-0869 -> INSERTED
2023-12-16 14:03:59,021 - INFO - CVE-1999-0870 -> INSERTED
2023-12-16 14:03:59,260 - INFO - CVE-1999-0871 -> INSERTED
2023-12-16 14:03:59,488 - INFO - CVE-1999-0872 -> INSERTED
2023-12-16 14:03:59,714 - INFO - CVE-1999-0873 -> INSERTED
2023-12-16 14:03:59,952 - INFO - CVE-1999-0874 -> INSERTED
2023-12-16 14:04:00,192 - INFO - CVE-1999-0875 -> INSERTED
2023-12-16 14:04:00,424 - INFO - CVE-1999-0876 -> INSERTED
2023-12-16 14:04:00,710 - INFO - CVE-1999-0877 -> INSERTED
2023-12-16 14:04:00,954 - INFO - CVE-1999-0878 -> INSERTED
2023-12-16 14:04:01,163 - INFO - CVE-1999-0879 -> INSERTED
2023-12-16 14:04:01,392 - INFO - CVE-1999-0880 -> INSERTED
2023-12-16 14:04:01,628 - INFO - CVE-1999-0881 -> INSERTED
2023-12-16 14:04:01,841 - INFO - CVE-1999-0882 -> INSERTED
2023-12-16 14:04:02,042 - INFO - CVE-1999-0883 -> INSERTED
2023-12-16 14:04:02,282 - INFO - CVE-1999-0884 -> INSERTED
2023-12-16 14:04:02,490 - INFO - CVE-1999-0885 -> INSERTED
2023-12-16 14:04:02,752 - INFO - CVE-1999-0886 -> INSERTED
2023-12-16 14:04:02,950 - INFO - CVE-1999-0887 -> INSERTED
2023-12-16 14:04:03,204 - INFO - CVE-1999-0888 -> INSERTED
2023-12-16 14:04:03,417 - INFO - CVE-1999-0889 -> INSERTED
2023-12-16 14:04:03,633 - INFO - CVE-1999-0890 -> INSERTED
2023-12-16 14:04:03,842 - INFO - CVE-1999-0891 -> INSERTED
2023-12-16 14:04:04,068 - INFO - CVE-1999-0892 -> INSERTED
2023-12-16 14:04:04,295 - INFO - CVE-1999-0893 -> INSERTED
2023-12-16 14:04:04,512 - INFO - CVE-1999-0894 -> INSERTED
2023-12-16 14:04:04,709 - INFO - CVE-1999-0895 -> INSERTED
2023-12-16 14:04:04,930 - INFO - CVE-1999-0896 -> INSERTED
2023-12-16 14:04:05,144 - INFO - CVE-1999-0897 -> INSERTED
2023-12-16 14:04:05,401 - INFO - CVE-1999-0898 -> INSERTED
2023-12-16 14:04:05,617 - INFO - CVE-1999-0899 -> INSERTED
2023-12-16 14:04:05,831 - INFO - CVE-1999-0900 -> INSERTED
2023-12-16 14:04:06,032 - INFO - CVE-1999-0901 -> INSERTED
2023-12-16 14:04:06,281 - INFO - CVE-1999-0902 -> INSERTED
2023-12-16 14:04:06,503 - INFO - CVE-1999-0903 -> INSERTED
2023-12-16 14:04:06,731 - INFO - CVE-1999-0904 -> INSERTED
2023-12-16 14:04:06,925 - INFO - CVE-1999-0905 -> INSERTED
2023-12-16 14:04:07,135 - INFO - CVE-1999-0906 -> INSERTED
2023-12-16 14:04:07,340 - INFO - CVE-1999-0907 -> INSERTED
2023-12-16 14:04:07,564 - INFO - CVE-1999-0908 -> INSERTED
2023-12-16 14:04:07,807 - INFO - CVE-1999-0909 -> INSERTED
2023-12-16 14:04:08,048 - INFO - CVE-1999-0910 -> INSERTED
2023-12-16 14:04:08,304 - INFO - CVE-1999-0911 -> INSERTED
2023-12-16 14:04:08,537 - INFO - CVE-1999-0912 -> INSERTED
2023-12-16 14:04:08,736 - INFO - CVE-1999-0913 -> INSERTED
2023-12-16 14:04:08,992 - INFO - CVE-1999-0914 -> INSERTED
2023-12-16 14:04:09,224 - INFO - CVE-1999-0915 -> INSERTED
2023-12-16 14:04:09,490 - INFO - CVE-1999-0916 -> INSERTED
2023-12-16 14:04:09,710 - INFO - CVE-1999-0917 -> INSERTED
2023-12-16 14:04:10,018 - INFO - CVE-1999-0918 -> INSERTED
2023-12-16 14:04:10,230 - INFO - CVE-1999-0919 -> INSERTED
2023-12-16 14:04:10,457 - INFO - CVE-1999-0920 -> INSERTED
2023-12-16 14:04:10,707 - INFO - CVE-1999-0921 -> INSERTED
2023-12-16 14:04:10,986 - INFO - CVE-1999-0922 -> INSERTED
2023-12-16 14:04:11,236 - INFO - CVE-1999-0923 -> INSERTED
2023-12-16 14:04:11,471 - INFO - CVE-1999-0924 -> INSERTED
2023-12-16 14:04:11,703 - INFO - CVE-1999-0925 -> INSERTED
2023-12-16 14:04:11,904 - INFO - CVE-1999-0926 -> INSERTED
2023-12-16 14:04:12,137 - INFO - CVE-1999-0927 -> INSERTED
2023-12-16 14:04:12,402 - INFO - CVE-1999-0928 -> INSERTED
2023-12-16 14:04:12,658 - INFO - CVE-1999-0929 -> INSERTED
2023-12-16 14:04:12,926 - INFO - CVE-1999-0930 -> INSERTED
2023-12-16 14:05:13,230 - INFO - CVE-1999-0931 -> INSERTED
2023-12-16 14:05:13,540 - INFO - CVE-1999-0932 -> INSERTED
2023-12-16 14:05:13,760 - INFO - CVE-1999-0933 -> INSERTED
2023-12-16 14:05:13,983 - INFO - CVE-1999-0934 -> INSERTED
2023-12-16 14:05:14,226 - INFO - CVE-1999-0935 -> INSERTED
2023-12-16 14:05:14,446 - INFO - CVE-1999-0936 -> INSERTED
2023-12-16 14:05:14,656 - INFO - CVE-1999-0937 -> INSERTED
2023-12-16 14:05:14,900 - INFO - CVE-1999-0938 -> INSERTED
2023-12-16 14:05:15,125 - INFO - CVE-1999-0939 -> INSERTED
2023-12-16 14:05:15,344 - INFO - CVE-1999-0940 -> INSERTED
2023-12-16 14:05:15,565 - INFO - CVE-1999-0941 -> INSERTED
2023-12-16 14:05:15,795 - INFO - CVE-1999-0942 -> INSERTED
2023-12-16 14:05:16,013 - INFO - CVE-1999-0943 -> INSERTED
2023-12-16 14:05:16,243 - INFO - CVE-1999-0944 -> INSERTED
2023-12-16 14:05:16,506 - INFO - CVE-1999-0945 -> INSERTED
2023-12-16 14:05:16,705 - INFO - CVE-1999-0946 -> INSERTED
2023-12-16 14:05:16,935 - INFO - CVE-1999-0947 -> INSERTED
2023-12-16 14:05:17,179 - INFO - CVE-1999-0948 -> INSERTED
2023-12-16 14:05:17,417 - INFO - CVE-1999-0949 -> INSERTED
2023-12-16 14:05:17,634 - INFO - CVE-1999-0950 -> INSERTED
2023-12-16 14:05:17,866 - INFO - CVE-1999-0951 -> INSERTED
2023-12-16 14:05:18,066 - INFO - CVE-1999-0952 -> INSERTED
2023-12-16 14:05:18,311 - INFO - CVE-1999-0953 -> INSERTED
2023-12-16 14:05:18,502 - INFO - CVE-1999-0954 -> INSERTED
2023-12-16 14:05:18,724 - INFO - CVE-1999-0955 -> INSERTED
2023-12-16 14:05:18,943 - INFO - CVE-1999-0956 -> INSERTED
2023-12-16 14:05:19,169 - INFO - CVE-1999-0957 -> INSERTED
2023-12-16 14:05:19,396 - INFO - CVE-1999-0958 -> INSERTED
2023-12-16 14:05:19,628 - INFO - CVE-1999-0959 -> INSERTED
2023-12-16 14:05:19,835 - INFO - CVE-1999-0960 -> INSERTED
2023-12-16 14:05:20,033 - INFO - CVE-1999-0961 -> INSERTED
2023-12-16 14:05:20,267 - INFO - CVE-1999-0962 -> INSERTED
2023-12-16 14:05:20,530 - INFO - CVE-1999-0963 -> INSERTED
2023-12-16 14:05:20,757 - INFO - CVE-1999-0964 -> INSERTED
2023-12-16 14:05:20,963 - INFO - CVE-1999-0965 -> INSERTED
2023-12-16 14:05:21,163 - INFO - CVE-1999-0966 -> INSERTED
2023-12-16 14:05:21,375 - INFO - CVE-1999-0967 -> INSERTED
2023-12-16 14:05:21,596 - INFO - CVE-1999-0968 -> INSERTED
2023-12-16 14:05:21,818 - INFO - CVE-1999-0969 -> INSERTED
2023-12-16 14:05:22,038 - INFO - CVE-1999-0970 -> INSERTED
2023-12-16 14:05:22,256 - INFO - CVE-1999-0971 -> INSERTED
2023-12-16 14:05:22,480 - INFO - CVE-1999-0972 -> INSERTED
2023-12-16 14:05:22,715 - INFO - CVE-1999-0973 -> INSERTED
2023-12-16 14:05:22,938 - INFO - CVE-1999-0974 -> INSERTED
2023-12-16 14:05:23,148 - INFO - CVE-1999-0975 -> INSERTED
2023-12-16 14:05:23,350 - INFO - CVE-1999-0976 -> INSERTED
2023-12-16 14:05:23,589 - INFO - CVE-1999-0977 -> INSERTED
2023-12-16 14:05:23,812 - INFO - CVE-1999-0978 -> INSERTED
2023-12-16 14:05:24,024 - INFO - CVE-1999-0979 -> INSERTED
2023-12-16 14:05:24,263 - INFO - CVE-1999-0980 -> INSERTED
2023-12-16 14:05:24,565 - INFO - CVE-1999-0981 -> INSERTED
2023-12-16 14:05:24,802 - INFO - CVE-1999-0982 -> INSERTED
2023-12-16 14:05:25,016 - INFO - CVE-1999-0983 -> INSERTED
2023-12-16 14:05:25,278 - INFO - CVE-1999-0984 -> INSERTED
2023-12-16 14:05:25,512 - INFO - CVE-1999-0985 -> INSERTED
2023-12-16 14:05:25,744 - INFO - CVE-1999-0986 -> INSERTED
2023-12-16 14:05:25,988 - INFO - CVE-1999-0987 -> INSERTED
2023-12-16 14:05:26,223 - INFO - CVE-1999-0988 -> INSERTED
2023-12-16 14:05:26,457 - INFO - CVE-1999-0989 -> INSERTED
2023-12-16 14:05:26,699 - INFO - CVE-1999-0990 -> INSERTED
2023-12-16 14:05:26,929 - INFO - CVE-1999-0991 -> INSERTED
2023-12-16 14:05:27,133 - INFO - CVE-1999-0992 -> INSERTED
2023-12-16 14:05:27,354 - INFO - CVE-1999-0993 -> INSERTED
2023-12-16 14:05:27,570 - INFO - CVE-1999-0994 -> INSERTED
2023-12-16 14:05:27,866 - INFO - CVE-1999-0995 -> INSERTED
2023-12-16 14:05:28,076 - INFO - CVE-1999-0996 -> INSERTED
2023-12-16 14:05:28,312 - INFO - CVE-1999-0997 -> INSERTED
2023-12-16 14:05:28,519 - INFO - CVE-1999-0998 -> INSERTED
2023-12-16 14:05:28,849 - INFO - CVE-1999-0999 -> INSERTED
2023-12-16 14:05:29,117 - INFO - CVE-1999-1000 -> INSERTED
2023-12-16 14:05:29,490 - INFO - CVE-1999-1001 -> INSERTED
2023-12-16 14:05:29,749 - INFO - CVE-1999-1002 -> INSERTED
2023-12-16 14:05:29,989 - INFO - CVE-1999-1003 -> INSERTED
2023-12-16 14:05:30,217 - INFO - CVE-1999-1004 -> INSERTED
2023-12-16 14:05:30,444 - INFO - CVE-1999-1005 -> INSERTED
2023-12-16 14:05:30,669 - INFO - CVE-1999-1006 -> INSERTED
2023-12-16 14:05:30,875 - INFO - CVE-1999-1007 -> INSERTED
2023-12-16 14:05:31,102 - INFO - CVE-1999-1008 -> INSERTED
2023-12-16 14:05:31,314 - INFO - CVE-1999-1009 -> INSERTED
2023-12-16 14:05:31,564 - INFO - CVE-1999-1010 -> INSERTED
2023-12-16 14:05:31,801 - INFO - CVE-1999-1011 -> INSERTED
2023-12-16 14:05:32,003 - INFO - CVE-1999-1012 -> INSERTED
2023-12-16 14:05:32,223 - INFO - CVE-1999-1013 -> INSERTED
2023-12-16 14:05:32,478 - INFO - CVE-1999-1014 -> INSERTED
2023-12-16 14:05:32,682 - INFO - CVE-1999-1015 -> INSERTED
2023-12-16 14:05:32,884 - INFO - CVE-1999-1016 -> INSERTED
2023-12-16 14:05:33,100 - INFO - CVE-1999-1017 -> INSERTED
2023-12-16 14:05:33,576 - INFO - CVE-1999-1018 -> INSERTED
2023-12-16 14:05:33,830 - INFO - CVE-1999-1019 -> INSERTED
2023-12-16 14:05:34,081 - INFO - CVE-1999-1020 -> INSERTED
2023-12-16 14:05:34,311 - INFO - CVE-1999-1021 -> INSERTED
2023-12-16 14:05:34,521 - INFO - CVE-1999-1022 -> INSERTED
2023-12-16 14:05:34,724 - INFO - CVE-1999-1023 -> INSERTED
2023-12-16 14:05:34,926 - INFO - CVE-1999-1024 -> INSERTED
2023-12-16 14:05:35,154 - INFO - CVE-1999-1025 -> INSERTED
2023-12-16 14:05:35,379 - INFO - CVE-1999-1026 -> INSERTED
2023-12-16 14:05:35,590 - INFO - CVE-1999-1027 -> INSERTED
2023-12-16 14:05:35,813 - INFO - CVE-1999-1028 -> INSERTED
2023-12-16 14:05:36,037 - INFO - CVE-1999-1029 -> INSERTED
2023-12-16 14:05:36,270 - INFO - CVE-1999-1030 -> INSERTED
2023-12-16 14:05:36,480 - INFO - CVE-1999-1031 -> INSERTED
2023-12-16 14:05:36,670 - INFO - CVE-1999-1032 -> INSERTED
2023-12-16 14:05:36,929 - INFO - CVE-1999-1033 -> INSERTED
2023-12-16 14:05:37,144 - INFO - CVE-1999-1034 -> INSERTED
2023-12-16 14:05:37,367 - INFO - CVE-1999-1035 -> INSERTED
2023-12-16 14:05:37,569 - INFO - CVE-1999-1036 -> INSERTED
2023-12-16 14:05:37,791 - INFO - CVE-1999-1037 -> INSERTED
2023-12-16 14:05:38,024 - INFO - CVE-1999-1038 -> INSERTED
2023-12-16 14:05:38,257 - INFO - CVE-1999-1039 -> INSERTED
2023-12-16 14:05:38,478 - INFO - CVE-1999-1040 -> INSERTED
2023-12-16 14:05:38,690 - INFO - CVE-1999-1041 -> INSERTED
2023-12-16 14:05:38,906 - INFO - CVE-1999-1042 -> INSERTED
2023-12-16 14:05:39,118 - INFO - CVE-1999-1043 -> INSERTED
2023-12-16 14:05:39,374 - INFO - CVE-1999-1044 -> INSERTED
2023-12-16 14:05:39,564 - INFO - CVE-1999-1045 -> INSERTED
2023-12-16 14:05:39,772 - INFO - CVE-1999-1046 -> INSERTED
2023-12-16 14:05:40,003 - INFO - CVE-1999-1047 -> INSERTED
2023-12-16 14:05:40,244 - INFO - CVE-1999-1048 -> INSERTED
2023-12-16 14:05:40,521 - INFO - CVE-1999-1049 -> INSERTED
2023-12-16 14:05:40,744 - INFO - CVE-1999-1050 -> INSERTED
2023-12-16 14:05:40,996 - INFO - CVE-1999-1051 -> INSERTED
2023-12-16 14:05:41,213 - INFO - CVE-1999-1052 -> INSERTED
2023-12-16 14:05:41,416 - INFO - CVE-1999-1053 -> INSERTED
2023-12-16 14:05:41,622 - INFO - CVE-1999-1054 -> INSERTED
2023-12-16 14:05:41,826 - INFO - CVE-1999-1055 -> INSERTED
2023-12-16 14:05:42,027 - INFO - CVE-1999-1056 -> INSERTED
2023-12-16 14:05:42,241 - INFO - CVE-1999-1057 -> INSERTED
2023-12-16 14:05:42,441 - INFO - CVE-1999-1058 -> INSERTED
2023-12-16 14:05:42,651 - INFO - CVE-1999-1059 -> INSERTED
2023-12-16 14:05:42,883 - INFO - CVE-1999-1060 -> INSERTED
2023-12-16 14:05:43,079 - INFO - CVE-1999-1061 -> INSERTED
2023-12-16 14:05:43,296 - INFO - CVE-1999-1062 -> INSERTED
2023-12-16 14:05:43,530 - INFO - CVE-1999-1063 -> INSERTED
2023-12-16 14:05:43,745 - INFO - CVE-1999-1064 -> INSERTED
2023-12-16 14:05:43,978 - INFO - CVE-1999-1065 -> INSERTED
2023-12-16 14:05:44,217 - INFO - CVE-1999-1066 -> INSERTED
2023-12-16 14:05:44,425 - INFO - CVE-1999-1067 -> INSERTED
2023-12-16 14:05:44,628 - INFO - CVE-1999-1068 -> INSERTED
2023-12-16 14:05:44,846 - INFO - CVE-1999-1069 -> INSERTED
2023-12-16 14:05:45,078 - INFO - CVE-1999-1070 -> INSERTED
2023-12-16 14:05:45,327 - INFO - CVE-1999-1071 -> INSERTED
2023-12-16 14:05:45,543 - INFO - CVE-1999-1072 -> INSERTED
2023-12-16 14:05:45,752 - INFO - CVE-1999-1073 -> INSERTED
2023-12-16 14:05:45,975 - INFO - CVE-1999-1074 -> INSERTED
2023-12-16 14:05:46,195 - INFO - CVE-1999-1075 -> INSERTED
2023-12-16 14:05:46,429 - INFO - CVE-1999-1076 -> INSERTED
2023-12-16 14:05:46,633 - INFO - CVE-1999-1077 -> INSERTED
2023-12-16 14:05:46,837 - INFO - CVE-1999-1078 -> INSERTED
2023-12-16 14:05:47,071 - INFO - CVE-1999-1079 -> INSERTED
2023-12-16 14:05:47,299 - INFO - CVE-1999-1080 -> INSERTED
2023-12-16 14:05:47,525 - INFO - CVE-1999-1081 -> INSERTED
2023-12-16 14:05:47,754 - INFO - CVE-1999-1082 -> INSERTED
2023-12-16 14:05:47,968 - INFO - CVE-1999-1083 -> INSERTED
2023-12-16 14:05:48,185 - INFO - CVE-1999-1084 -> INSERTED
2023-12-16 14:05:48,417 - INFO - CVE-1999-1085 -> INSERTED
2023-12-16 14:05:48,651 - INFO - CVE-1999-1086 -> INSERTED
2023-12-16 14:05:48,878 - INFO - CVE-1999-1087 -> INSERTED
2023-12-16 14:05:49,133 - INFO - CVE-1999-1088 -> INSERTED
2023-12-16 14:05:49,419 - INFO - CVE-1999-1089 -> INSERTED
2023-12-16 14:05:49,632 - INFO - CVE-1999-1090 -> INSERTED
2023-12-16 14:05:49,842 - INFO - CVE-1999-1091 -> INSERTED
2023-12-16 14:05:50,068 - INFO - CVE-1999-1092 -> INSERTED
2023-12-16 14:05:50,289 - INFO - CVE-1999-1093 -> INSERTED
2023-12-16 14:05:50,505 - INFO - CVE-1999-1094 -> INSERTED
2023-12-16 14:05:50,736 - INFO - CVE-1999-1095 -> INSERTED
2023-12-16 14:05:50,970 - INFO - CVE-1999-1096 -> INSERTED
2023-12-16 14:05:51,172 - INFO - CVE-1999-1097 -> INSERTED
2023-12-16 14:05:51,408 - INFO - CVE-1999-1098 -> INSERTED
2023-12-16 14:05:51,637 - INFO - CVE-1999-1099 -> INSERTED
2023-12-16 14:05:51,859 - INFO - CVE-1999-1100 -> INSERTED
2023-12-16 14:05:52,104 - INFO - CVE-1999-1101 -> INSERTED
2023-12-16 14:05:52,366 - INFO - CVE-1999-1102 -> INSERTED
2023-12-16 14:05:52,589 - INFO - CVE-1999-1103 -> INSERTED
2023-12-16 14:05:52,812 - INFO - CVE-1999-1104 -> INSERTED
2023-12-16 14:05:53,024 - INFO - CVE-1999-1105 -> INSERTED
2023-12-16 14:05:53,258 - INFO - CVE-1999-1106 -> INSERTED
2023-12-16 14:05:53,459 - INFO - CVE-1999-1107 -> INSERTED
2023-12-16 14:05:53,676 - INFO - CVE-1999-1108 -> INSERTED
2023-12-16 14:05:53,906 - INFO - CVE-1999-1109 -> INSERTED
2023-12-16 14:05:54,140 - INFO - CVE-1999-1110 -> INSERTED
